<?xml version="1.0" encoding="UTF-8"?>
<!-- Generated by org.testng.reporters.JUnitXMLReporter -->
<testsuite hostname="Gourab-Laptop" failures="1" tests="8" name="Chrome Tests" time="155.789" errors="0" timestamp="6 Jun 2025 02:53:20 GMT">
  <testcase classname="demo.QtripTests" name="qtrip_non_functional_001" time="4.101"/>
  <testcase classname="demo.QtripTests" name="qtrip_non_functional_002" time="16.678">
    <failure type="java.lang.AssertionError" message="The following asserts failed:
	expected [400] but found [200]">
      <![CDATA[java.lang.AssertionError: The following asserts failed:
	expected [400] but found [200]
	at demo.QtripTests.qtrip_non_functional_002(QtripTests.java:139)
	at org.gradle.api.internal.tasks.testing.testng.TestNGTestClassProcessor.runTests(TestNGTestClassProcessor.java:146)
	at org.gradle.api.internal.tasks.testing.testng.TestNGTestClassProcessor.stop(TestNGTestClassProcessor.java:91)
	at org.gradle.api.internal.tasks.testing.SuiteTestClassProcessor.stop(SuiteTestClassProcessor.java:61)
	at org.gradle.internal.dispatch.ReflectionDispatch.dispatch(ReflectionDispatch.java:36)
	at org.gradle.internal.dispatch.ReflectionDispatch.dispatch(ReflectionDispatch.java:24)
	at org.gradle.internal.dispatch.ContextClassLoaderDispatch.dispatch(ContextClassLoaderDispatch.java:33)
	at org.gradle.internal.dispatch.ProxyDispatchAdapter$DispatchingInvocationHandler.invoke(ProxyDispatchAdapter.java:94)
	at com.sun.proxy.$Proxy2.stop(Unknown Source)
	at org.gradle.api.internal.tasks.testing.worker.TestWorker$3.run(TestWorker.java:193)
	at org.gradle.api.internal.tasks.testing.worker.TestWorker.executeAndMaintainThreadName(TestWorker.java:129)
	at org.gradle.api.internal.tasks.testing.worker.TestWorker.execute(TestWorker.java:100)
	at org.gradle.api.internal.tasks.testing.worker.TestWorker.execute(TestWorker.java:60)
	at org.gradle.process.internal.worker.child.ActionExecutionWorker.execute(ActionExecutionWorker.java:56)
	at org.gradle.process.internal.worker.child.SystemApplicationClassLoaderWorker.call(SystemApplicationClassLoaderWorker.java:133)
	at org.gradle.process.internal.worker.child.SystemApplicationClassLoaderWorker.call(SystemApplicationClassLoaderWorker.java:71)
	at worker.org.gradle.process.internal.worker.GradleWorkerMain.run(GradleWorkerMain.java:69)
	at worker.org.gradle.process.internal.worker.GradleWorkerMain.main(GradleWorkerMain.java:74)
... Removed 26 stack frames]]>
    </failure>
  </testcase> <!-- qtrip_non_functional_002 -->
  <testcase classname="demo.QtripTests" name="qtrip_non_functional_003" time="7.313"/>
  <testcase classname="demo.QtripTests" name="qtrip_non_functional_004" time="6.556"/>
  <testcase classname="demo.QtripTests" name="qtrip_non_functional_005" time="10.708"/>
  <testcase classname="demo.QtripTests" name="qtrip_ui_001" time="18.638"/>
  <testcase classname="demo.QtripTests" name="qtrip_ui_002" time="47.63"/>
  <testcase classname="demo.QtripTests" name="qtrip_ui_003" time="37.648"/>
</testsuite> <!-- Chrome Tests -->
