<?xml version="1.0" encoding="UTF-8"?>
<!-- Generated by org.testng.reporters.JUnitXMLReporter -->
<testsuite hostname="Gourab-Laptop" failures="1" tests="8" name="Chrome Tests" time="137.813" errors="0" timestamp="31 May 2025 13:59:38 GMT">
  <testcase classname="demo.QtripTests" name="qtrip_non_functional_001" time="4.029"/>
  <testcase classname="demo.QtripTests" name="qtrip_non_functional_002" time="15.65">
    <failure type="java.lang.AssertionError" message="The following asserts failed:
	expected [400] but found [200]">
      <![CDATA[java.lang.AssertionError: The following asserts failed:
	expected [400] but found [200]
	at demo.QtripTests.qtrip_non_functional_002(QtripTests.java:139)
	at java.base/java.util.concurrent.FutureTask.run(FutureTask.java:264)
	at java.base/java.util.concurrent.ThreadPoolExecutor.runWorker(ThreadPoolExecutor.java:1128)
	at java.base/java.util.concurrent.ThreadPoolExecutor$Worker.run(ThreadPoolExecutor.java:628)
	at java.base/java.lang.Thread.run(Thread.java:834)
... Removed 17 stack frames]]>
    </failure>
  </testcase> <!-- qtrip_non_functional_002 -->
  <testcase classname="demo.QtripTests" name="qtrip_non_functional_003" time="5.613"/>
  <testcase classname="demo.QtripTests" name="qtrip_non_functional_004" time="6.67"/>
  <testcase classname="demo.QtripTests" name="qtrip_non_functional_005" time="10.723"/>
  <testcase classname="demo.QtripTests" name="qtrip_ui_001" time="18.345"/>
  <testcase classname="demo.QtripTests" name="qtrip_ui_002" time="47.713"/>
  <testcase classname="demo.QtripTests" name="qtrip_ui_003" time="25.862"/>
</testsuite> <!-- Chrome Tests -->
